[INFO] 2018-08-30 15:21:51.249 [main] [org.springframework.boot.StartupInfoLogger]48 - Starting Application on DESKTOP-6OE57TT with PID 12220 (E:\spring_workspace\sample_session_sharing_baseOnSpringSessionConfig\target\classes started by hp in E:\spring_workspace\sample_session_sharing_baseOnSpringSessionConfig) 
[INFO] 2018-08-30 15:21:51.251 [main] [org.springframework.boot.SpringApplication]637 - No active profile set, falling back to default profiles: default 
[INFO] 2018-08-30 15:21:51.326 [main] [org.springframework.context.support.AbstractApplicationContext]582 - Refreshing org.springframework.boot.context.embedded.AnnotationConfigEmbeddedWebApplicationContext@6f44a157: startup date [Thu Aug 30 15:21:51 CST 2018]; root of context hierarchy 
[INFO] 2018-08-30 15:21:51.839 [background-preinit] [org.hibernate.validator.internal.util.Version]30 - HV000001: Hibernate Validator 5.3.5.Final 
[INFO] 2018-08-30 15:21:52.349 [main] [org.springframework.data.repository.config.RepositoryConfigurationDelegate]165 - Multiple Spring Data modules found, entering strict repository configuration mode! 
[INFO] 2018-08-30 15:21:53.676 [main] [org.springframework.boot.context.embedded.tomcat.TomcatEmbeddedServletContainer]89 - Tomcat initialized with port(s): 8090 (http) 
[INFO] 2018-08-30 15:21:53.690 [main] [org.apache.juli.logging.DirectJDKLog]179 - Starting service Tomcat 
[INFO] 2018-08-30 15:21:53.692 [main] [org.apache.juli.logging.DirectJDKLog]179 - Starting Servlet Engine: Apache Tomcat/8.5.14 
[INFO] 2018-08-30 15:21:53.812 [localhost-startStop-1] [org.apache.juli.logging.DirectJDKLog]179 - Initializing Spring embedded WebApplicationContext 
[INFO] 2018-08-30 15:21:53.812 [localhost-startStop-1] [org.springframework.boot.context.embedded.EmbeddedWebApplicationContext]276 - Root WebApplicationContext: initialization completed in 2489 ms 
[INFO] 2018-08-30 15:21:54.012 [localhost-startStop-1] [redis.clients.jedis.JedisSentinelPool]136 - Trying to find master from available Sentinels... 
[INFO] 2018-08-30 15:21:54.038 [localhost-startStop-1] [redis.clients.jedis.JedisSentinelPool]185 - Redis master running at 192.168.13.62:6382, starting Sentinel listeners... 
[INFO] 2018-08-30 15:21:54.068 [localhost-startStop-1] [redis.clients.jedis.JedisSentinelPool]127 - Created JedisPool to master at 192.168.13.62:6382 
[INFO] 2018-08-30 15:21:54.171 [localhost-startStop-1] [org.springframework.boot.web.servlet.ServletRegistrationBean]190 - Mapping servlet: 'dispatcherServlet' to [/] 
[INFO] 2018-08-30 15:21:54.174 [localhost-startStop-1] [org.springframework.boot.web.servlet.AbstractFilterRegistrationBean]258 - Mapping filter: 'characterEncodingFilter' to: [/*] 
[INFO] 2018-08-30 15:21:54.174 [localhost-startStop-1] [org.springframework.boot.web.servlet.AbstractFilterRegistrationBean]258 - Mapping filter: 'springSessionRepositoryFilter' to: [/*] 
[INFO] 2018-08-30 15:21:54.175 [localhost-startStop-1] [org.springframework.boot.web.servlet.AbstractFilterRegistrationBean]258 - Mapping filter: 'hiddenHttpMethodFilter' to: [/*] 
[INFO] 2018-08-30 15:21:54.175 [localhost-startStop-1] [org.springframework.boot.web.servlet.AbstractFilterRegistrationBean]258 - Mapping filter: 'httpPutFormContentFilter' to: [/*] 
[INFO] 2018-08-30 15:21:54.175 [localhost-startStop-1] [org.springframework.boot.web.servlet.AbstractFilterRegistrationBean]258 - Mapping filter: 'requestContextFilter' to: [/*] 
[INFO] 2018-08-30 15:21:54.618 [main] [org.springframework.web.servlet.mvc.method.annotation.RequestMappingHandlerAdapter]534 - Looking for @ControllerAdvice: org.springframework.boot.context.embedded.AnnotationConfigEmbeddedWebApplicationContext@6f44a157: startup date [Thu Aug 30 15:21:51 CST 2018]; root of context hierarchy 
[INFO] 2018-08-30 15:21:54.690 [main] [org.springframework.web.servlet.handler.AbstractHandlerMethodMapping$MappingRegistry]543 - Mapped "{[/],methods=[GET]}" onto public java.lang.String com.gwg.user.web.controller.IndexController.login_view(javax.servlet.http.HttpServletRequest) 
[INFO] 2018-08-30 15:21:54.692 [main] [org.springframework.web.servlet.handler.AbstractHandlerMethodMapping$MappingRegistry]543 - Mapped "{[/api/user/login],methods=[POST]}" onto public java.lang.String com.gwg.user.web.controller.LoginController.login(com.gwg.user.dto.UserDto,javax.servlet.http.HttpServletRequest,javax.servlet.http.HttpServletResponse) 
[INFO] 2018-08-30 15:21:54.693 [main] [org.springframework.web.servlet.handler.AbstractHandlerMethodMapping$MappingRegistry]543 - Mapped "{[/api/user/getList],methods=[GET]}" onto public com.gwg.user.common.Result com.gwg.user.web.controller.UserController.getList(javax.servlet.http.HttpServletRequest) 
[INFO] 2018-08-30 15:21:54.693 [main] [org.springframework.web.servlet.handler.AbstractHandlerMethodMapping$MappingRegistry]543 - Mapped "{[/api/user/addUser],methods=[POST]}" onto public com.gwg.user.common.Result com.gwg.user.web.controller.UserController.addUser(com.gwg.user.dto.UserDto,javax.servlet.http.HttpServletRequest) 
[INFO] 2018-08-30 15:21:54.697 [main] [org.springframework.web.servlet.handler.AbstractHandlerMethodMapping$MappingRegistry]543 - Mapped "{[/error]}" onto public org.springframework.http.ResponseEntity<java.util.Map<java.lang.String, java.lang.Object>> org.springframework.boot.autoconfigure.web.BasicErrorController.error(javax.servlet.http.HttpServletRequest) 
[INFO] 2018-08-30 15:21:54.697 [main] [org.springframework.web.servlet.handler.AbstractHandlerMethodMapping$MappingRegistry]543 - Mapped "{[/error],produces=[text/html]}" onto public org.springframework.web.servlet.ModelAndView org.springframework.boot.autoconfigure.web.BasicErrorController.errorHtml(javax.servlet.http.HttpServletRequest,javax.servlet.http.HttpServletResponse) 
[INFO] 2018-08-30 15:21:54.743 [main] [org.springframework.web.servlet.handler.AbstractUrlHandlerMapping]362 - Mapped URL path [/webjars/**] onto handler of type [class org.springframework.web.servlet.resource.ResourceHttpRequestHandler] 
[INFO] 2018-08-30 15:21:54.743 [main] [org.springframework.web.servlet.handler.AbstractUrlHandlerMapping]362 - Mapped URL path [/**] onto handler of type [class org.springframework.web.servlet.resource.ResourceHttpRequestHandler] 
[INFO] 2018-08-30 15:21:54.802 [main] [org.springframework.web.servlet.handler.AbstractUrlHandlerMapping]362 - Mapped URL path [/**/favicon.ico] onto handler of type [class org.springframework.web.servlet.resource.ResourceHttpRequestHandler] 
[INFO] 2018-08-30 15:21:55.358 [main] [org.springframework.jmx.export.MBeanExporter]431 - Registering beans for JMX exposure on startup 
[INFO] 2018-08-30 15:21:55.401 [main] [org.apache.juli.logging.DirectJDKLog]179 - Initializing ProtocolHandler ["http-nio-8090"] 
[INFO] 2018-08-30 15:21:55.419 [main] [org.apache.juli.logging.DirectJDKLog]179 - Starting ProtocolHandler ["http-nio-8090"] 
[INFO] 2018-08-30 15:21:55.440 [main] [org.apache.juli.logging.DirectJDKLog]179 - Using a shared selector for servlet write/read 
[INFO] 2018-08-30 15:21:55.480 [main] [org.springframework.boot.context.embedded.tomcat.TomcatEmbeddedServletContainer]198 - Tomcat started on port(s): 8090 (http) 
[INFO] 2018-08-30 15:21:55.499 [main] [org.springframework.boot.StartupInfoLogger]57 - Started Application in 4.926 seconds (JVM running for 5.738) 
[INFO] 2018-08-30 15:23:18.952 [http-nio-8090-exec-1] [org.apache.juli.logging.DirectJDKLog]179 - Initializing Spring FrameworkServlet 'dispatcherServlet' 
[INFO] 2018-08-30 15:23:18.952 [http-nio-8090-exec-1] [org.springframework.web.servlet.FrameworkServlet]489 - FrameworkServlet 'dispatcherServlet': initialization started 
[INFO] 2018-08-30 15:23:18.972 [http-nio-8090-exec-1] [org.springframework.web.servlet.FrameworkServlet]508 - FrameworkServlet 'dispatcherServlet': initialization completed in 20 ms 
[INFO] 2018-08-30 15:23:19.147 [http-nio-8090-exec-1] [com.gwg.user.web.controller.IndexController]27 - 访问登录页面...sessionid:cfc7cf63-ffce-4599-b82e-f0393409ee21 
[INFO] 2018-08-30 15:34:02.651 [http-nio-8090-exec-4] [com.gwg.user.web.controller.IndexController]27 - 访问登录页面...sessionid:a8f003a1-b9d3-4e7c-8b53-649da003eeb7 
[INFO] 2018-08-30 15:39:50.780 [main] [org.springframework.boot.StartupInfoLogger]48 - Starting Application on DESKTOP-6OE57TT with PID 20644 (E:\spring_workspace\sample_session_sharing_baseOnSpringSessionConfig\target\classes started by hp in E:\spring_workspace\sample_session_sharing_baseOnSpringSessionConfig) 
[INFO] 2018-08-30 15:39:50.781 [main] [org.springframework.boot.SpringApplication]637 - No active profile set, falling back to default profiles: default 
[INFO] 2018-08-30 15:39:50.849 [main] [org.springframework.context.support.AbstractApplicationContext]582 - Refreshing org.springframework.boot.context.embedded.AnnotationConfigEmbeddedWebApplicationContext@7922d892: startup date [Thu Aug 30 15:39:50 CST 2018]; root of context hierarchy 
[INFO] 2018-08-30 15:39:51.435 [background-preinit] [org.hibernate.validator.internal.util.Version]30 - HV000001: Hibernate Validator 5.3.5.Final 
[INFO] 2018-08-30 15:39:52.179 [main] [org.springframework.data.repository.config.RepositoryConfigurationDelegate]165 - Multiple Spring Data modules found, entering strict repository configuration mode! 
[INFO] 2018-08-30 15:39:53.233 [main] [org.springframework.boot.context.embedded.tomcat.TomcatEmbeddedServletContainer]89 - Tomcat initialized with port(s): 8090 (http) 
[INFO] 2018-08-30 15:39:53.250 [main] [org.apache.juli.logging.DirectJDKLog]179 - Starting service Tomcat 
[INFO] 2018-08-30 15:39:53.252 [main] [org.apache.juli.logging.DirectJDKLog]179 - Starting Servlet Engine: Apache Tomcat/8.5.14 
[INFO] 2018-08-30 15:39:53.402 [localhost-startStop-1] [org.apache.juli.logging.DirectJDKLog]179 - Initializing Spring embedded WebApplicationContext 
[INFO] 2018-08-30 15:39:53.402 [localhost-startStop-1] [org.springframework.boot.context.embedded.EmbeddedWebApplicationContext]276 - Root WebApplicationContext: initialization completed in 2557 ms 
[INFO] 2018-08-30 15:39:53.606 [localhost-startStop-1] [redis.clients.jedis.JedisSentinelPool]136 - Trying to find master from available Sentinels... 
[INFO] 2018-08-30 15:39:55.646 [localhost-startStop-1] [redis.clients.jedis.JedisSentinelPool]185 - Redis master running at 192.168.13.62:6382, starting Sentinel listeners... 
[INFO] 2018-08-30 15:39:55.656 [localhost-startStop-1] [redis.clients.jedis.JedisSentinelPool]127 - Created JedisPool to master at 192.168.13.62:6382 
[INFO] 2018-08-30 15:39:55.791 [localhost-startStop-1] [org.springframework.boot.web.servlet.ServletRegistrationBean]190 - Mapping servlet: 'dispatcherServlet' to [/] 
[INFO] 2018-08-30 15:39:55.798 [localhost-startStop-1] [org.springframework.boot.web.servlet.AbstractFilterRegistrationBean]258 - Mapping filter: 'characterEncodingFilter' to: [/*] 
[INFO] 2018-08-30 15:39:55.799 [localhost-startStop-1] [org.springframework.boot.web.servlet.AbstractFilterRegistrationBean]258 - Mapping filter: 'springSessionRepositoryFilter' to: [/*] 
[INFO] 2018-08-30 15:39:55.799 [localhost-startStop-1] [org.springframework.boot.web.servlet.AbstractFilterRegistrationBean]258 - Mapping filter: 'hiddenHttpMethodFilter' to: [/*] 
[INFO] 2018-08-30 15:39:55.799 [localhost-startStop-1] [org.springframework.boot.web.servlet.AbstractFilterRegistrationBean]258 - Mapping filter: 'httpPutFormContentFilter' to: [/*] 
[INFO] 2018-08-30 15:39:55.799 [localhost-startStop-1] [org.springframework.boot.web.servlet.AbstractFilterRegistrationBean]258 - Mapping filter: 'requestContextFilter' to: [/*] 
[INFO] 2018-08-30 15:39:56.163 [main] [org.springframework.web.servlet.mvc.method.annotation.RequestMappingHandlerAdapter]534 - Looking for @ControllerAdvice: org.springframework.boot.context.embedded.AnnotationConfigEmbeddedWebApplicationContext@7922d892: startup date [Thu Aug 30 15:39:50 CST 2018]; root of context hierarchy 
[INFO] 2018-08-30 15:39:56.223 [main] [org.springframework.web.servlet.handler.AbstractHandlerMethodMapping$MappingRegistry]543 - Mapped "{[/],methods=[GET]}" onto public java.lang.String com.gwg.user.web.controller.IndexController.login_view(javax.servlet.http.HttpServletRequest) 
[INFO] 2018-08-30 15:39:56.225 [main] [org.springframework.web.servlet.handler.AbstractHandlerMethodMapping$MappingRegistry]543 - Mapped "{[/api/user/login],methods=[POST]}" onto public java.lang.String com.gwg.user.web.controller.LoginController.login(com.gwg.user.dto.UserDto,javax.servlet.http.HttpServletRequest,javax.servlet.http.HttpServletResponse) 
[INFO] 2018-08-30 15:39:56.227 [main] [org.springframework.web.servlet.handler.AbstractHandlerMethodMapping$MappingRegistry]543 - Mapped "{[/api/user/addUser],methods=[POST]}" onto public com.gwg.user.common.Result com.gwg.user.web.controller.UserController.addUser(com.gwg.user.dto.UserDto,javax.servlet.http.HttpServletRequest) 
[INFO] 2018-08-30 15:39:56.227 [main] [org.springframework.web.servlet.handler.AbstractHandlerMethodMapping$MappingRegistry]543 - Mapped "{[/api/user/getList],methods=[GET]}" onto public com.gwg.user.common.Result com.gwg.user.web.controller.UserController.getList(javax.servlet.http.HttpServletRequest) 
[INFO] 2018-08-30 15:39:56.232 [main] [org.springframework.web.servlet.handler.AbstractHandlerMethodMapping$MappingRegistry]543 - Mapped "{[/error]}" onto public org.springframework.http.ResponseEntity<java.util.Map<java.lang.String, java.lang.Object>> org.springframework.boot.autoconfigure.web.BasicErrorController.error(javax.servlet.http.HttpServletRequest) 
[INFO] 2018-08-30 15:39:56.232 [main] [org.springframework.web.servlet.handler.AbstractHandlerMethodMapping$MappingRegistry]543 - Mapped "{[/error],produces=[text/html]}" onto public org.springframework.web.servlet.ModelAndView org.springframework.boot.autoconfigure.web.BasicErrorController.errorHtml(javax.servlet.http.HttpServletRequest,javax.servlet.http.HttpServletResponse) 
[INFO] 2018-08-30 15:39:56.284 [main] [org.springframework.web.servlet.handler.AbstractUrlHandlerMapping]362 - Mapped URL path [/webjars/**] onto handler of type [class org.springframework.web.servlet.resource.ResourceHttpRequestHandler] 
[INFO] 2018-08-30 15:39:56.284 [main] [org.springframework.web.servlet.handler.AbstractUrlHandlerMapping]362 - Mapped URL path [/**] onto handler of type [class org.springframework.web.servlet.resource.ResourceHttpRequestHandler] 
[INFO] 2018-08-30 15:39:56.331 [main] [org.springframework.web.servlet.handler.AbstractUrlHandlerMapping]362 - Mapped URL path [/**/favicon.ico] onto handler of type [class org.springframework.web.servlet.resource.ResourceHttpRequestHandler] 
[INFO] 2018-08-30 15:39:56.734 [main] [org.springframework.jmx.export.MBeanExporter]431 - Registering beans for JMX exposure on startup 
[INFO] 2018-08-30 15:39:56.761 [main] [org.apache.juli.logging.DirectJDKLog]179 - Initializing ProtocolHandler ["http-nio-8090"] 
[INFO] 2018-08-30 15:39:56.774 [main] [org.apache.juli.logging.DirectJDKLog]179 - Starting ProtocolHandler ["http-nio-8090"] 
[INFO] 2018-08-30 15:39:56.789 [main] [org.apache.juli.logging.DirectJDKLog]179 - Using a shared selector for servlet write/read 
[INFO] 2018-08-30 15:39:56.810 [main] [org.springframework.boot.context.embedded.tomcat.TomcatEmbeddedServletContainer]198 - Tomcat started on port(s): 8090 (http) 
[INFO] 2018-08-30 15:39:56.815 [main] [org.springframework.boot.StartupInfoLogger]57 - Started Application in 6.397 seconds (JVM running for 6.914) 
[INFO] 2018-08-30 15:40:15.115 [http-nio-8090-exec-2] [org.apache.juli.logging.DirectJDKLog]179 - Initializing Spring FrameworkServlet 'dispatcherServlet' 
[INFO] 2018-08-30 15:40:15.115 [http-nio-8090-exec-2] [org.springframework.web.servlet.FrameworkServlet]489 - FrameworkServlet 'dispatcherServlet': initialization started 
[INFO] 2018-08-30 15:40:15.132 [http-nio-8090-exec-2] [org.springframework.web.servlet.FrameworkServlet]508 - FrameworkServlet 'dispatcherServlet': initialization completed in 17 ms 
[INFO] 2018-08-30 15:44:15.439 [main] [org.springframework.boot.StartupInfoLogger]48 - Starting Application on DESKTOP-6OE57TT with PID 24508 (E:\spring_workspace\sample_session_sharing_baseOnSpringSessionConfig\target\classes started by hp in E:\spring_workspace\sample_session_sharing_baseOnSpringSessionConfig) 
[INFO] 2018-08-30 15:44:15.440 [main] [org.springframework.boot.SpringApplication]637 - No active profile set, falling back to default profiles: default 
[INFO] 2018-08-30 15:44:15.531 [main] [org.springframework.context.support.AbstractApplicationContext]582 - Refreshing org.springframework.boot.context.embedded.AnnotationConfigEmbeddedWebApplicationContext@7922d892: startup date [Thu Aug 30 15:44:15 CST 2018]; root of context hierarchy 
[INFO] 2018-08-30 15:44:15.959 [background-preinit] [org.hibernate.validator.internal.util.Version]30 - HV000001: Hibernate Validator 5.3.5.Final 
[INFO] 2018-08-30 15:44:16.385 [main] [org.springframework.data.repository.config.RepositoryConfigurationDelegate]165 - Multiple Spring Data modules found, entering strict repository configuration mode! 
[INFO] 2018-08-30 15:44:17.361 [main] [org.springframework.boot.context.embedded.tomcat.TomcatEmbeddedServletContainer]89 - Tomcat initialized with port(s): 8090 (http) 
[INFO] 2018-08-30 15:44:17.375 [main] [org.apache.juli.logging.DirectJDKLog]179 - Starting service Tomcat 
[INFO] 2018-08-30 15:44:17.376 [main] [org.apache.juli.logging.DirectJDKLog]179 - Starting Servlet Engine: Apache Tomcat/8.5.14 
[INFO] 2018-08-30 15:44:17.514 [localhost-startStop-1] [org.apache.juli.logging.DirectJDKLog]179 - Initializing Spring embedded WebApplicationContext 
[INFO] 2018-08-30 15:44:17.514 [localhost-startStop-1] [org.springframework.boot.context.embedded.EmbeddedWebApplicationContext]276 - Root WebApplicationContext: initialization completed in 1987 ms 
[INFO] 2018-08-30 15:44:17.775 [localhost-startStop-1] [redis.clients.jedis.JedisSentinelPool]136 - Trying to find master from available Sentinels... 
[INFO] 2018-08-30 15:44:17.805 [localhost-startStop-1] [redis.clients.jedis.JedisSentinelPool]185 - Redis master running at 192.168.13.62:6382, starting Sentinel listeners... 
[INFO] 2018-08-30 15:44:17.816 [localhost-startStop-1] [redis.clients.jedis.JedisSentinelPool]127 - Created JedisPool to master at 192.168.13.62:6382 
[INFO] 2018-08-30 15:44:17.913 [localhost-startStop-1] [org.springframework.boot.web.servlet.AbstractFilterRegistrationBean]258 - Mapping filter: 'characterEncodingFilter' to: [/*] 
[INFO] 2018-08-30 15:44:17.914 [localhost-startStop-1] [org.springframework.boot.web.servlet.AbstractFilterRegistrationBean]258 - Mapping filter: 'springSessionRepositoryFilter' to: [/*] 
[INFO] 2018-08-30 15:44:17.914 [localhost-startStop-1] [org.springframework.boot.web.servlet.AbstractFilterRegistrationBean]258 - Mapping filter: 'hiddenHttpMethodFilter' to: [/*] 
[INFO] 2018-08-30 15:44:17.914 [localhost-startStop-1] [org.springframework.boot.web.servlet.AbstractFilterRegistrationBean]258 - Mapping filter: 'httpPutFormContentFilter' to: [/*] 
[INFO] 2018-08-30 15:44:17.914 [localhost-startStop-1] [org.springframework.boot.web.servlet.AbstractFilterRegistrationBean]258 - Mapping filter: 'requestContextFilter' to: [/*] 
[INFO] 2018-08-30 15:44:17.914 [localhost-startStop-1] [org.springframework.boot.web.servlet.AbstractFilterRegistrationBean]258 - Mapping filter: 'corsFilter' to: [/*] 
[INFO] 2018-08-30 15:44:17.915 [localhost-startStop-1] [org.springframework.boot.web.servlet.ServletRegistrationBean]190 - Mapping servlet: 'dispatcherServlet' to [/] 
[INFO] 2018-08-30 15:44:18.319 [main] [org.springframework.web.servlet.mvc.method.annotation.RequestMappingHandlerAdapter]534 - Looking for @ControllerAdvice: org.springframework.boot.context.embedded.AnnotationConfigEmbeddedWebApplicationContext@7922d892: startup date [Thu Aug 30 15:44:15 CST 2018]; root of context hierarchy 
[INFO] 2018-08-30 15:44:18.382 [main] [org.springframework.web.servlet.handler.AbstractHandlerMethodMapping$MappingRegistry]543 - Mapped "{[/],methods=[GET]}" onto public java.lang.String com.gwg.user.web.controller.IndexController.login_view(javax.servlet.http.HttpServletRequest) 
[INFO] 2018-08-30 15:44:18.385 [main] [org.springframework.web.servlet.handler.AbstractHandlerMethodMapping$MappingRegistry]543 - Mapped "{[/api/user/login],methods=[POST]}" onto public java.lang.String com.gwg.user.web.controller.LoginController.login(com.gwg.user.dto.UserDto,javax.servlet.http.HttpServletRequest,javax.servlet.http.HttpServletResponse) 
[INFO] 2018-08-30 15:44:18.386 [main] [org.springframework.web.servlet.handler.AbstractHandlerMethodMapping$MappingRegistry]543 - Mapped "{[/api/user/addUser],methods=[POST]}" onto public com.gwg.user.common.Result com.gwg.user.web.controller.UserController.addUser(com.gwg.user.dto.UserDto,javax.servlet.http.HttpServletRequest) 
[INFO] 2018-08-30 15:44:18.386 [main] [org.springframework.web.servlet.handler.AbstractHandlerMethodMapping$MappingRegistry]543 - Mapped "{[/api/user/getList],methods=[GET]}" onto public com.gwg.user.common.Result com.gwg.user.web.controller.UserController.getList(javax.servlet.http.HttpServletRequest) 
[INFO] 2018-08-30 15:44:18.391 [main] [org.springframework.web.servlet.handler.AbstractHandlerMethodMapping$MappingRegistry]543 - Mapped "{[/error]}" onto public org.springframework.http.ResponseEntity<java.util.Map<java.lang.String, java.lang.Object>> org.springframework.boot.autoconfigure.web.BasicErrorController.error(javax.servlet.http.HttpServletRequest) 
[INFO] 2018-08-30 15:44:18.391 [main] [org.springframework.web.servlet.handler.AbstractHandlerMethodMapping$MappingRegistry]543 - Mapped "{[/error],produces=[text/html]}" onto public org.springframework.web.servlet.ModelAndView org.springframework.boot.autoconfigure.web.BasicErrorController.errorHtml(javax.servlet.http.HttpServletRequest,javax.servlet.http.HttpServletResponse) 
[INFO] 2018-08-30 15:44:18.443 [main] [org.springframework.web.servlet.handler.AbstractUrlHandlerMapping]362 - Mapped URL path [/webjars/**] onto handler of type [class org.springframework.web.servlet.resource.ResourceHttpRequestHandler] 
[INFO] 2018-08-30 15:44:18.443 [main] [org.springframework.web.servlet.handler.AbstractUrlHandlerMapping]362 - Mapped URL path [/**] onto handler of type [class org.springframework.web.servlet.resource.ResourceHttpRequestHandler] 
[INFO] 2018-08-30 15:44:18.493 [main] [org.springframework.web.servlet.handler.AbstractUrlHandlerMapping]362 - Mapped URL path [/**/favicon.ico] onto handler of type [class org.springframework.web.servlet.resource.ResourceHttpRequestHandler] 
[INFO] 2018-08-30 15:44:18.902 [main] [org.springframework.jmx.export.MBeanExporter]431 - Registering beans for JMX exposure on startup 
[INFO] 2018-08-30 15:44:18.933 [main] [org.apache.juli.logging.DirectJDKLog]179 - Initializing ProtocolHandler ["http-nio-8090"] 
[INFO] 2018-08-30 15:44:18.942 [main] [org.apache.juli.logging.DirectJDKLog]179 - Starting ProtocolHandler ["http-nio-8090"] 
[INFO] 2018-08-30 15:44:18.953 [main] [org.apache.juli.logging.DirectJDKLog]179 - Using a shared selector for servlet write/read 
[INFO] 2018-08-30 15:44:18.974 [main] [org.springframework.boot.context.embedded.tomcat.TomcatEmbeddedServletContainer]198 - Tomcat started on port(s): 8090 (http) 
[INFO] 2018-08-30 15:44:18.982 [main] [org.springframework.boot.StartupInfoLogger]57 - Started Application in 4.033 seconds (JVM running for 4.618) 
[INFO] 2018-08-30 15:44:30.732 [http-nio-8090-exec-1] [org.apache.juli.logging.DirectJDKLog]179 - Initializing Spring FrameworkServlet 'dispatcherServlet' 
[INFO] 2018-08-30 15:44:30.732 [http-nio-8090-exec-1] [org.springframework.web.servlet.FrameworkServlet]489 - FrameworkServlet 'dispatcherServlet': initialization started 
[INFO] 2018-08-30 15:44:30.749 [http-nio-8090-exec-1] [org.springframework.web.servlet.FrameworkServlet]508 - FrameworkServlet 'dispatcherServlet': initialization completed in 17 ms 
[INFO] 2018-08-30 15:47:28.445 [main] [org.springframework.boot.StartupInfoLogger]48 - Starting Application on DESKTOP-6OE57TT with PID 12092 (E:\spring_workspace\sample_session_sharing_baseOnSpringSessionConfig\target\classes started by hp in E:\spring_workspace\sample_session_sharing_baseOnSpringSessionConfig) 
[INFO] 2018-08-30 15:47:28.451 [main] [org.springframework.boot.SpringApplication]637 - No active profile set, falling back to default profiles: default 
[INFO] 2018-08-30 15:47:28.576 [main] [org.springframework.context.support.AbstractApplicationContext]582 - Refreshing org.springframework.boot.context.embedded.AnnotationConfigEmbeddedWebApplicationContext@7922d892: startup date [Thu Aug 30 15:47:28 CST 2018]; root of context hierarchy 
[INFO] 2018-08-30 15:47:28.918 [background-preinit] [org.hibernate.validator.internal.util.Version]30 - HV000001: Hibernate Validator 5.3.5.Final 
[INFO] 2018-08-30 15:47:29.364 [main] [org.springframework.data.repository.config.RepositoryConfigurationDelegate]165 - Multiple Spring Data modules found, entering strict repository configuration mode! 
[INFO] 2018-08-30 15:47:30.439 [main] [org.springframework.boot.context.embedded.tomcat.TomcatEmbeddedServletContainer]89 - Tomcat initialized with port(s): 8090 (http) 
[INFO] 2018-08-30 15:47:30.452 [main] [org.apache.juli.logging.DirectJDKLog]179 - Starting service Tomcat 
[INFO] 2018-08-30 15:47:30.453 [main] [org.apache.juli.logging.DirectJDKLog]179 - Starting Servlet Engine: Apache Tomcat/8.5.14 
[INFO] 2018-08-30 15:47:30.582 [localhost-startStop-1] [org.apache.juli.logging.DirectJDKLog]179 - Initializing Spring embedded WebApplicationContext 
[INFO] 2018-08-30 15:47:30.582 [localhost-startStop-1] [org.springframework.boot.context.embedded.EmbeddedWebApplicationContext]276 - Root WebApplicationContext: initialization completed in 2011 ms 
[INFO] 2018-08-30 15:47:30.849 [localhost-startStop-1] [redis.clients.jedis.JedisSentinelPool]136 - Trying to find master from available Sentinels... 
[INFO] 2018-08-30 15:47:31.785 [localhost-startStop-1] [redis.clients.jedis.JedisSentinelPool]185 - Redis master running at 192.168.13.62:6382, starting Sentinel listeners... 
[INFO] 2018-08-30 15:47:31.798 [localhost-startStop-1] [redis.clients.jedis.JedisSentinelPool]127 - Created JedisPool to master at 192.168.13.62:6382 
[INFO] 2018-08-30 15:47:31.875 [localhost-startStop-1] [org.springframework.boot.web.servlet.AbstractFilterRegistrationBean]258 - Mapping filter: 'characterEncodingFilter' to: [/*] 
[INFO] 2018-08-30 15:47:31.875 [localhost-startStop-1] [org.springframework.boot.web.servlet.AbstractFilterRegistrationBean]258 - Mapping filter: 'springSessionRepositoryFilter' to: [/*] 
[INFO] 2018-08-30 15:47:31.875 [localhost-startStop-1] [org.springframework.boot.web.servlet.AbstractFilterRegistrationBean]258 - Mapping filter: 'hiddenHttpMethodFilter' to: [/*] 
[INFO] 2018-08-30 15:47:31.876 [localhost-startStop-1] [org.springframework.boot.web.servlet.AbstractFilterRegistrationBean]258 - Mapping filter: 'httpPutFormContentFilter' to: [/*] 
[INFO] 2018-08-30 15:47:31.876 [localhost-startStop-1] [org.springframework.boot.web.servlet.AbstractFilterRegistrationBean]258 - Mapping filter: 'requestContextFilter' to: [/*] 
[INFO] 2018-08-30 15:47:31.876 [localhost-startStop-1] [org.springframework.boot.web.servlet.AbstractFilterRegistrationBean]258 - Mapping filter: 'corsFilter' to: [/*] 
[INFO] 2018-08-30 15:47:31.876 [localhost-startStop-1] [org.springframework.boot.web.servlet.ServletRegistrationBean]190 - Mapping servlet: 'dispatcherServlet' to [/] 
[INFO] 2018-08-30 15:47:32.226 [main] [org.springframework.web.servlet.mvc.method.annotation.RequestMappingHandlerAdapter]534 - Looking for @ControllerAdvice: org.springframework.boot.context.embedded.AnnotationConfigEmbeddedWebApplicationContext@7922d892: startup date [Thu Aug 30 15:47:28 CST 2018]; root of context hierarchy 
[INFO] 2018-08-30 15:47:32.317 [main] [org.springframework.web.servlet.handler.AbstractHandlerMethodMapping$MappingRegistry]543 - Mapped "{[/],methods=[GET]}" onto public java.lang.String com.gwg.user.web.controller.IndexController.login_view(javax.servlet.http.HttpServletRequest) 
[INFO] 2018-08-30 15:47:32.319 [main] [org.springframework.web.servlet.handler.AbstractHandlerMethodMapping$MappingRegistry]543 - Mapped "{[/api/user/login],methods=[POST]}" onto public java.lang.String com.gwg.user.web.controller.LoginController.login(com.gwg.user.dto.UserDto,javax.servlet.http.HttpServletRequest,javax.servlet.http.HttpServletResponse) 
[INFO] 2018-08-30 15:47:32.321 [main] [org.springframework.web.servlet.handler.AbstractHandlerMethodMapping$MappingRegistry]543 - Mapped "{[/api/user/getList],methods=[GET]}" onto public com.gwg.user.common.Result com.gwg.user.web.controller.UserController.getList(javax.servlet.http.HttpServletRequest) 
[INFO] 2018-08-30 15:47:32.321 [main] [org.springframework.web.servlet.handler.AbstractHandlerMethodMapping$MappingRegistry]543 - Mapped "{[/api/user/addUser],methods=[POST]}" onto public com.gwg.user.common.Result com.gwg.user.web.controller.UserController.addUser(com.gwg.user.dto.UserDto,javax.servlet.http.HttpServletRequest) 
[INFO] 2018-08-30 15:47:32.325 [main] [org.springframework.web.servlet.handler.AbstractHandlerMethodMapping$MappingRegistry]543 - Mapped "{[/error]}" onto public org.springframework.http.ResponseEntity<java.util.Map<java.lang.String, java.lang.Object>> org.springframework.boot.autoconfigure.web.BasicErrorController.error(javax.servlet.http.HttpServletRequest) 
[INFO] 2018-08-30 15:47:32.326 [main] [org.springframework.web.servlet.handler.AbstractHandlerMethodMapping$MappingRegistry]543 - Mapped "{[/error],produces=[text/html]}" onto public org.springframework.web.servlet.ModelAndView org.springframework.boot.autoconfigure.web.BasicErrorController.errorHtml(javax.servlet.http.HttpServletRequest,javax.servlet.http.HttpServletResponse) 
[INFO] 2018-08-30 15:47:32.373 [main] [org.springframework.web.servlet.handler.AbstractUrlHandlerMapping]362 - Mapped URL path [/webjars/**] onto handler of type [class org.springframework.web.servlet.resource.ResourceHttpRequestHandler] 
[INFO] 2018-08-30 15:47:32.373 [main] [org.springframework.web.servlet.handler.AbstractUrlHandlerMapping]362 - Mapped URL path [/**] onto handler of type [class org.springframework.web.servlet.resource.ResourceHttpRequestHandler] 
[INFO] 2018-08-30 15:47:32.435 [main] [org.springframework.web.servlet.handler.AbstractUrlHandlerMapping]362 - Mapped URL path [/**/favicon.ico] onto handler of type [class org.springframework.web.servlet.resource.ResourceHttpRequestHandler] 
[INFO] 2018-08-30 15:47:32.898 [main] [org.springframework.jmx.export.MBeanExporter]431 - Registering beans for JMX exposure on startup 
[INFO] 2018-08-30 15:47:32.935 [main] [org.apache.juli.logging.DirectJDKLog]179 - Initializing ProtocolHandler ["http-nio-8090"] 
[INFO] 2018-08-30 15:47:32.947 [main] [org.apache.juli.logging.DirectJDKLog]179 - Starting ProtocolHandler ["http-nio-8090"] 
[INFO] 2018-08-30 15:47:32.966 [main] [org.apache.juli.logging.DirectJDKLog]179 - Using a shared selector for servlet write/read 
[INFO] 2018-08-30 15:47:32.994 [main] [org.springframework.boot.context.embedded.tomcat.TomcatEmbeddedServletContainer]198 - Tomcat started on port(s): 8090 (http) 
[INFO] 2018-08-30 15:47:33.003 [main] [org.springframework.boot.StartupInfoLogger]57 - Started Application in 5.134 seconds (JVM running for 6.0) 
[INFO] 2018-08-30 15:47:39.218 [http-nio-8090-exec-1] [org.apache.juli.logging.DirectJDKLog]179 - Initializing Spring FrameworkServlet 'dispatcherServlet' 
[INFO] 2018-08-30 15:47:39.218 [http-nio-8090-exec-1] [org.springframework.web.servlet.FrameworkServlet]489 - FrameworkServlet 'dispatcherServlet': initialization started 
[INFO] 2018-08-30 15:47:39.236 [http-nio-8090-exec-1] [org.springframework.web.servlet.FrameworkServlet]508 - FrameworkServlet 'dispatcherServlet': initialization completed in 18 ms 
[INFO] 2018-08-30 15:48:20.807 [main] [org.springframework.boot.StartupInfoLogger]48 - Starting Application on DESKTOP-6OE57TT with PID 10212 (E:\spring_workspace\sample_session_sharing_baseOnSpringSessionConfig\target\classes started by hp in E:\spring_workspace\sample_session_sharing_baseOnSpringSessionConfig) 
[INFO] 2018-08-30 15:48:20.809 [main] [org.springframework.boot.SpringApplication]637 - No active profile set, falling back to default profiles: default 
[INFO] 2018-08-30 15:48:20.900 [main] [org.springframework.context.support.AbstractApplicationContext]582 - Refreshing org.springframework.boot.context.embedded.AnnotationConfigEmbeddedWebApplicationContext@7922d892: startup date [Thu Aug 30 15:48:20 CST 2018]; root of context hierarchy 
[INFO] 2018-08-30 15:48:21.345 [background-preinit] [org.hibernate.validator.internal.util.Version]30 - HV000001: Hibernate Validator 5.3.5.Final 
[INFO] 2018-08-30 15:48:21.739 [main] [org.springframework.data.repository.config.RepositoryConfigurationDelegate]165 - Multiple Spring Data modules found, entering strict repository configuration mode! 
[INFO] 2018-08-30 15:48:22.736 [main] [org.springframework.boot.context.embedded.tomcat.TomcatEmbeddedServletContainer]89 - Tomcat initialized with port(s): 8090 (http) 
[INFO] 2018-08-30 15:48:22.749 [main] [org.apache.juli.logging.DirectJDKLog]179 - Starting service Tomcat 
[INFO] 2018-08-30 15:48:22.750 [main] [org.apache.juli.logging.DirectJDKLog]179 - Starting Servlet Engine: Apache Tomcat/8.5.14 
[INFO] 2018-08-30 15:48:22.883 [localhost-startStop-1] [org.apache.juli.logging.DirectJDKLog]179 - Initializing Spring embedded WebApplicationContext 
[INFO] 2018-08-30 15:48:22.883 [localhost-startStop-1] [org.springframework.boot.context.embedded.EmbeddedWebApplicationContext]276 - Root WebApplicationContext: initialization completed in 1989 ms 
[INFO] 2018-08-30 15:48:23.112 [localhost-startStop-1] [redis.clients.jedis.JedisSentinelPool]136 - Trying to find master from available Sentinels... 
[INFO] 2018-08-30 15:48:23.153 [localhost-startStop-1] [redis.clients.jedis.JedisSentinelPool]185 - Redis master running at 192.168.13.62:6382, starting Sentinel listeners... 
[INFO] 2018-08-30 15:48:23.165 [localhost-startStop-1] [redis.clients.jedis.JedisSentinelPool]127 - Created JedisPool to master at 192.168.13.62:6382 
[INFO] 2018-08-30 15:48:23.257 [localhost-startStop-1] [org.springframework.boot.web.servlet.AbstractFilterRegistrationBean]258 - Mapping filter: 'characterEncodingFilter' to: [/*] 
[INFO] 2018-08-30 15:48:23.257 [localhost-startStop-1] [org.springframework.boot.web.servlet.AbstractFilterRegistrationBean]258 - Mapping filter: 'springSessionRepositoryFilter' to: [/*] 
[INFO] 2018-08-30 15:48:23.258 [localhost-startStop-1] [org.springframework.boot.web.servlet.AbstractFilterRegistrationBean]258 - Mapping filter: 'hiddenHttpMethodFilter' to: [/*] 
[INFO] 2018-08-30 15:48:23.258 [localhost-startStop-1] [org.springframework.boot.web.servlet.AbstractFilterRegistrationBean]258 - Mapping filter: 'httpPutFormContentFilter' to: [/*] 
[INFO] 2018-08-30 15:48:23.258 [localhost-startStop-1] [org.springframework.boot.web.servlet.AbstractFilterRegistrationBean]258 - Mapping filter: 'requestContextFilter' to: [/*] 
[INFO] 2018-08-30 15:48:23.258 [localhost-startStop-1] [org.springframework.boot.web.servlet.AbstractFilterRegistrationBean]258 - Mapping filter: 'corsFilter' to: [/*] 
[INFO] 2018-08-30 15:48:23.258 [localhost-startStop-1] [org.springframework.boot.web.servlet.ServletRegistrationBean]190 - Mapping servlet: 'dispatcherServlet' to [/] 
[INFO] 2018-08-30 15:48:23.661 [main] [org.springframework.web.servlet.mvc.method.annotation.RequestMappingHandlerAdapter]534 - Looking for @ControllerAdvice: org.springframework.boot.context.embedded.AnnotationConfigEmbeddedWebApplicationContext@7922d892: startup date [Thu Aug 30 15:48:20 CST 2018]; root of context hierarchy 
[INFO] 2018-08-30 15:48:23.735 [main] [org.springframework.web.servlet.handler.AbstractHandlerMethodMapping$MappingRegistry]543 - Mapped "{[/],methods=[GET]}" onto public java.lang.String com.gwg.user.web.controller.IndexController.login_view(javax.servlet.http.HttpServletRequest) 
[INFO] 2018-08-30 15:48:23.739 [main] [org.springframework.web.servlet.handler.AbstractHandlerMethodMapping$MappingRegistry]543 - Mapped "{[/api/user/login],methods=[POST]}" onto public java.lang.String com.gwg.user.web.controller.LoginController.login(com.gwg.user.dto.UserDto,javax.servlet.http.HttpServletRequest,javax.servlet.http.HttpServletResponse) 
[INFO] 2018-08-30 15:48:23.743 [main] [org.springframework.web.servlet.handler.AbstractHandlerMethodMapping$MappingRegistry]543 - Mapped "{[/api/user/addUser],methods=[POST]}" onto public com.gwg.user.common.Result com.gwg.user.web.controller.UserController.addUser(com.gwg.user.dto.UserDto,javax.servlet.http.HttpServletRequest) 
[INFO] 2018-08-30 15:48:23.743 [main] [org.springframework.web.servlet.handler.AbstractHandlerMethodMapping$MappingRegistry]543 - Mapped "{[/api/user/getList],methods=[GET]}" onto public com.gwg.user.common.Result com.gwg.user.web.controller.UserController.getList(javax.servlet.http.HttpServletRequest) 
[INFO] 2018-08-30 15:48:23.749 [main] [org.springframework.web.servlet.handler.AbstractHandlerMethodMapping$MappingRegistry]543 - Mapped "{[/error]}" onto public org.springframework.http.ResponseEntity<java.util.Map<java.lang.String, java.lang.Object>> org.springframework.boot.autoconfigure.web.BasicErrorController.error(javax.servlet.http.HttpServletRequest) 
[INFO] 2018-08-30 15:48:23.749 [main] [org.springframework.web.servlet.handler.AbstractHandlerMethodMapping$MappingRegistry]543 - Mapped "{[/error],produces=[text/html]}" onto public org.springframework.web.servlet.ModelAndView org.springframework.boot.autoconfigure.web.BasicErrorController.errorHtml(javax.servlet.http.HttpServletRequest,javax.servlet.http.HttpServletResponse) 
[INFO] 2018-08-30 15:48:23.809 [main] [org.springframework.web.servlet.handler.AbstractUrlHandlerMapping]362 - Mapped URL path [/webjars/**] onto handler of type [class org.springframework.web.servlet.resource.ResourceHttpRequestHandler] 
[INFO] 2018-08-30 15:48:23.809 [main] [org.springframework.web.servlet.handler.AbstractUrlHandlerMapping]362 - Mapped URL path [/**] onto handler of type [class org.springframework.web.servlet.resource.ResourceHttpRequestHandler] 
[INFO] 2018-08-30 15:48:23.882 [main] [org.springframework.web.servlet.handler.AbstractUrlHandlerMapping]362 - Mapped URL path [/**/favicon.ico] onto handler of type [class org.springframework.web.servlet.resource.ResourceHttpRequestHandler] 
[INFO] 2018-08-30 15:48:24.319 [main] [org.springframework.jmx.export.MBeanExporter]431 - Registering beans for JMX exposure on startup 
[INFO] 2018-08-30 15:48:24.346 [main] [org.apache.juli.logging.DirectJDKLog]179 - Initializing ProtocolHandler ["http-nio-8090"] 
[INFO] 2018-08-30 15:48:24.361 [main] [org.apache.juli.logging.DirectJDKLog]179 - Starting ProtocolHandler ["http-nio-8090"] 
[INFO] 2018-08-30 15:48:24.377 [main] [org.apache.juli.logging.DirectJDKLog]179 - Using a shared selector for servlet write/read 
[INFO] 2018-08-30 15:48:24.444 [main] [org.springframework.boot.context.embedded.tomcat.TomcatEmbeddedServletContainer]198 - Tomcat started on port(s): 8090 (http) 
[INFO] 2018-08-30 15:48:24.449 [main] [org.springframework.boot.StartupInfoLogger]57 - Started Application in 4.104 seconds (JVM running for 4.793) 
[INFO] 2018-08-30 15:48:30.328 [http-nio-8090-exec-1] [org.apache.juli.logging.DirectJDKLog]179 - Initializing Spring FrameworkServlet 'dispatcherServlet' 
[INFO] 2018-08-30 15:48:30.329 [http-nio-8090-exec-1] [org.springframework.web.servlet.FrameworkServlet]489 - FrameworkServlet 'dispatcherServlet': initialization started 
[INFO] 2018-08-30 15:48:30.348 [http-nio-8090-exec-1] [org.springframework.web.servlet.FrameworkServlet]508 - FrameworkServlet 'dispatcherServlet': initialization completed in 19 ms 
[INFO] 2018-08-30 15:48:30.390 [http-nio-8090-exec-3] [com.gwg.user.web.controller.LoginController]29 - 用户登录 start....,用户名：null， 密码：null 
[INFO] 2018-08-30 15:48:30.391 [http-nio-8090-exec-3] [com.gwg.user.web.controller.LoginController]35 - 用户不存在，登录失败 
[INFO] 2018-08-30 15:48:31.720 [http-nio-8090-exec-7] [com.gwg.user.web.controller.LoginController]29 - 用户登录 start....,用户名：null， 密码：null 
[INFO] 2018-08-30 15:48:31.720 [http-nio-8090-exec-7] [com.gwg.user.web.controller.LoginController]35 - 用户不存在，登录失败 
[INFO] 2018-08-30 15:48:31.812 [http-nio-8090-exec-5] [com.gwg.user.web.controller.LoginController]29 - 用户登录 start....,用户名：null， 密码：null 
[INFO] 2018-08-30 15:48:31.812 [http-nio-8090-exec-4] [com.gwg.user.web.controller.LoginController]29 - 用户登录 start....,用户名：null， 密码：null 
[INFO] 2018-08-30 15:48:31.812 [http-nio-8090-exec-5] [com.gwg.user.web.controller.LoginController]35 - 用户不存在，登录失败 
[INFO] 2018-08-30 15:48:31.812 [http-nio-8090-exec-4] [com.gwg.user.web.controller.LoginController]35 - 用户不存在，登录失败 
[INFO] 2018-08-30 15:54:21.459 [main] [org.springframework.boot.StartupInfoLogger]48 - Starting Application on DESKTOP-6OE57TT with PID 11668 (E:\spring_workspace\sample_session_sharing_baseOnSpringSessionConfig\target\classes started by hp in E:\spring_workspace\sample_session_sharing_baseOnSpringSessionConfig) 
[INFO] 2018-08-30 15:54:21.461 [main] [org.springframework.boot.SpringApplication]637 - No active profile set, falling back to default profiles: default 
[INFO] 2018-08-30 15:54:21.556 [main] [org.springframework.context.support.AbstractApplicationContext]582 - Refreshing org.springframework.boot.context.embedded.AnnotationConfigEmbeddedWebApplicationContext@7922d892: startup date [Thu Aug 30 15:54:21 CST 2018]; root of context hierarchy 
[INFO] 2018-08-30 15:54:22.051 [background-preinit] [org.hibernate.validator.internal.util.Version]30 - HV000001: Hibernate Validator 5.3.5.Final 
[INFO] 2018-08-30 15:54:22.479 [main] [org.springframework.data.repository.config.RepositoryConfigurationDelegate]165 - Multiple Spring Data modules found, entering strict repository configuration mode! 
[INFO] 2018-08-30 15:54:23.497 [main] [org.springframework.boot.context.embedded.tomcat.TomcatEmbeddedServletContainer]89 - Tomcat initialized with port(s): 8090 (http) 
[INFO] 2018-08-30 15:54:23.514 [main] [org.apache.juli.logging.DirectJDKLog]179 - Starting service Tomcat 
[INFO] 2018-08-30 15:54:23.516 [main] [org.apache.juli.logging.DirectJDKLog]179 - Starting Servlet Engine: Apache Tomcat/8.5.14 
[INFO] 2018-08-30 15:54:23.665 [localhost-startStop-1] [org.apache.juli.logging.DirectJDKLog]179 - Initializing Spring embedded WebApplicationContext 
[INFO] 2018-08-30 15:54:23.665 [localhost-startStop-1] [org.springframework.boot.context.embedded.EmbeddedWebApplicationContext]276 - Root WebApplicationContext: initialization completed in 2123 ms 
[INFO] 2018-08-30 15:54:23.909 [localhost-startStop-1] [redis.clients.jedis.JedisSentinelPool]136 - Trying to find master from available Sentinels... 
[INFO] 2018-08-30 15:54:23.950 [localhost-startStop-1] [redis.clients.jedis.JedisSentinelPool]185 - Redis master running at 192.168.13.62:6382, starting Sentinel listeners... 
[INFO] 2018-08-30 15:54:23.966 [localhost-startStop-1] [redis.clients.jedis.JedisSentinelPool]127 - Created JedisPool to master at 192.168.13.62:6382 
[INFO] 2018-08-30 15:54:24.096 [localhost-startStop-1] [org.springframework.boot.web.servlet.AbstractFilterRegistrationBean]258 - Mapping filter: 'characterEncodingFilter' to: [/*] 
[INFO] 2018-08-30 15:54:24.097 [localhost-startStop-1] [org.springframework.boot.web.servlet.AbstractFilterRegistrationBean]258 - Mapping filter: 'springSessionRepositoryFilter' to: [/*] 
[INFO] 2018-08-30 15:54:24.097 [localhost-startStop-1] [org.springframework.boot.web.servlet.AbstractFilterRegistrationBean]258 - Mapping filter: 'hiddenHttpMethodFilter' to: [/*] 
[INFO] 2018-08-30 15:54:24.097 [localhost-startStop-1] [org.springframework.boot.web.servlet.AbstractFilterRegistrationBean]258 - Mapping filter: 'httpPutFormContentFilter' to: [/*] 
[INFO] 2018-08-30 15:54:24.097 [localhost-startStop-1] [org.springframework.boot.web.servlet.AbstractFilterRegistrationBean]258 - Mapping filter: 'requestContextFilter' to: [/*] 
[INFO] 2018-08-30 15:54:24.097 [localhost-startStop-1] [org.springframework.boot.web.servlet.AbstractFilterRegistrationBean]258 - Mapping filter: 'corsFilter' to: [/*] 
[INFO] 2018-08-30 15:54:24.098 [localhost-startStop-1] [org.springframework.boot.web.servlet.ServletRegistrationBean]190 - Mapping servlet: 'dispatcherServlet' to [/] 
[INFO] 2018-08-30 15:54:24.520 [main] [org.springframework.web.servlet.mvc.method.annotation.RequestMappingHandlerAdapter]534 - Looking for @ControllerAdvice: org.springframework.boot.context.embedded.AnnotationConfigEmbeddedWebApplicationContext@7922d892: startup date [Thu Aug 30 15:54:21 CST 2018]; root of context hierarchy 
[INFO] 2018-08-30 15:54:24.577 [main] [org.springframework.web.servlet.handler.AbstractHandlerMethodMapping$MappingRegistry]543 - Mapped "{[/index],methods=[GET]}" onto public com.gwg.user.common.Result com.gwg.user.web.controller.IndexController.index(javax.servlet.http.HttpServletRequest) 
[INFO] 2018-08-30 15:54:24.579 [main] [org.springframework.web.servlet.handler.AbstractHandlerMethodMapping$MappingRegistry]543 - Mapped "{[/api/user/login],methods=[POST]}" onto public java.lang.String com.gwg.user.web.controller.LoginController.login(com.gwg.user.dto.UserDto,javax.servlet.http.HttpServletRequest,javax.servlet.http.HttpServletResponse) 
[INFO] 2018-08-30 15:54:24.581 [main] [org.springframework.web.servlet.handler.AbstractHandlerMethodMapping$MappingRegistry]543 - Mapped "{[/api/user/addUser],methods=[POST]}" onto public com.gwg.user.common.Result com.gwg.user.web.controller.UserController.addUser(com.gwg.user.dto.UserDto,javax.servlet.http.HttpServletRequest) 
[INFO] 2018-08-30 15:54:24.581 [main] [org.springframework.web.servlet.handler.AbstractHandlerMethodMapping$MappingRegistry]543 - Mapped "{[/api/user/getList],methods=[GET]}" onto public com.gwg.user.common.Result com.gwg.user.web.controller.UserController.getList(javax.servlet.http.HttpServletRequest) 
[INFO] 2018-08-30 15:54:24.589 [main] [org.springframework.web.servlet.handler.AbstractHandlerMethodMapping$MappingRegistry]543 - Mapped "{[/error]}" onto public org.springframework.http.ResponseEntity<java.util.Map<java.lang.String, java.lang.Object>> org.springframework.boot.autoconfigure.web.BasicErrorController.error(javax.servlet.http.HttpServletRequest) 
[INFO] 2018-08-30 15:54:24.589 [main] [org.springframework.web.servlet.handler.AbstractHandlerMethodMapping$MappingRegistry]543 - Mapped "{[/error],produces=[text/html]}" onto public org.springframework.web.servlet.ModelAndView org.springframework.boot.autoconfigure.web.BasicErrorController.errorHtml(javax.servlet.http.HttpServletRequest,javax.servlet.http.HttpServletResponse) 
[INFO] 2018-08-30 15:54:24.645 [main] [org.springframework.web.servlet.handler.AbstractUrlHandlerMapping]362 - Mapped URL path [/webjars/**] onto handler of type [class org.springframework.web.servlet.resource.ResourceHttpRequestHandler] 
[INFO] 2018-08-30 15:54:24.646 [main] [org.springframework.web.servlet.handler.AbstractUrlHandlerMapping]362 - Mapped URL path [/**] onto handler of type [class org.springframework.web.servlet.resource.ResourceHttpRequestHandler] 
[INFO] 2018-08-30 15:54:24.699 [main] [org.springframework.web.servlet.handler.AbstractUrlHandlerMapping]362 - Mapped URL path [/**/favicon.ico] onto handler of type [class org.springframework.web.servlet.resource.ResourceHttpRequestHandler] 
[INFO] 2018-08-30 15:54:25.098 [main] [org.springframework.jmx.export.MBeanExporter]431 - Registering beans for JMX exposure on startup 
[INFO] 2018-08-30 15:54:25.130 [main] [org.apache.juli.logging.DirectJDKLog]179 - Initializing ProtocolHandler ["http-nio-8090"] 
[INFO] 2018-08-30 15:54:25.144 [main] [org.apache.juli.logging.DirectJDKLog]179 - Starting ProtocolHandler ["http-nio-8090"] 
[INFO] 2018-08-30 15:54:25.159 [main] [org.apache.juli.logging.DirectJDKLog]179 - Using a shared selector for servlet write/read 
[INFO] 2018-08-30 15:54:25.181 [main] [org.springframework.boot.context.embedded.tomcat.TomcatEmbeddedServletContainer]198 - Tomcat started on port(s): 8090 (http) 
[INFO] 2018-08-30 15:54:25.189 [main] [org.springframework.boot.StartupInfoLogger]57 - Started Application in 4.169 seconds (JVM running for 4.702) 
[INFO] 2018-08-30 15:55:51.014 [main] [org.springframework.boot.StartupInfoLogger]48 - Starting Application on DESKTOP-6OE57TT with PID 16096 (E:\spring_workspace\sample_session_sharing_baseOnSpringSessionConfig\target\classes started by hp in E:\spring_workspace\sample_session_sharing_baseOnSpringSessionConfig) 
[INFO] 2018-08-30 15:55:51.016 [main] [org.springframework.boot.SpringApplication]637 - No active profile set, falling back to default profiles: default 
[INFO] 2018-08-30 15:55:51.106 [main] [org.springframework.context.support.AbstractApplicationContext]582 - Refreshing org.springframework.boot.context.embedded.AnnotationConfigEmbeddedWebApplicationContext@7922d892: startup date [Thu Aug 30 15:55:51 CST 2018]; root of context hierarchy 
[INFO] 2018-08-30 15:55:51.539 [background-preinit] [org.hibernate.validator.internal.util.Version]30 - HV000001: Hibernate Validator 5.3.5.Final 
[INFO] 2018-08-30 15:55:52.019 [main] [org.springframework.data.repository.config.RepositoryConfigurationDelegate]165 - Multiple Spring Data modules found, entering strict repository configuration mode! 
[INFO] 2018-08-30 15:55:53.038 [main] [org.springframework.boot.context.embedded.tomcat.TomcatEmbeddedServletContainer]89 - Tomcat initialized with port(s): 8090 (http) 
[INFO] 2018-08-30 15:55:53.049 [main] [org.apache.juli.logging.DirectJDKLog]179 - Starting service Tomcat 
[INFO] 2018-08-30 15:55:53.050 [main] [org.apache.juli.logging.DirectJDKLog]179 - Starting Servlet Engine: Apache Tomcat/8.5.14 
[INFO] 2018-08-30 15:55:53.175 [localhost-startStop-1] [org.apache.juli.logging.DirectJDKLog]179 - Initializing Spring embedded WebApplicationContext 
[INFO] 2018-08-30 15:55:53.176 [localhost-startStop-1] [org.springframework.boot.context.embedded.EmbeddedWebApplicationContext]276 - Root WebApplicationContext: initialization completed in 2081 ms 
[INFO] 2018-08-30 15:55:53.421 [localhost-startStop-1] [redis.clients.jedis.JedisSentinelPool]136 - Trying to find master from available Sentinels... 
[INFO] 2018-08-30 15:55:53.452 [localhost-startStop-1] [redis.clients.jedis.JedisSentinelPool]185 - Redis master running at 192.168.13.62:6382, starting Sentinel listeners... 
[INFO] 2018-08-30 15:55:53.466 [localhost-startStop-1] [redis.clients.jedis.JedisSentinelPool]127 - Created JedisPool to master at 192.168.13.62:6382 
[INFO] 2018-08-30 15:55:53.582 [localhost-startStop-1] [org.springframework.boot.web.servlet.AbstractFilterRegistrationBean]258 - Mapping filter: 'characterEncodingFilter' to: [/*] 
[INFO] 2018-08-30 15:55:53.583 [localhost-startStop-1] [org.springframework.boot.web.servlet.AbstractFilterRegistrationBean]258 - Mapping filter: 'springSessionRepositoryFilter' to: [/*] 
[INFO] 2018-08-30 15:55:53.583 [localhost-startStop-1] [org.springframework.boot.web.servlet.AbstractFilterRegistrationBean]258 - Mapping filter: 'hiddenHttpMethodFilter' to: [/*] 
[INFO] 2018-08-30 15:55:53.583 [localhost-startStop-1] [org.springframework.boot.web.servlet.AbstractFilterRegistrationBean]258 - Mapping filter: 'httpPutFormContentFilter' to: [/*] 
[INFO] 2018-08-30 15:55:53.583 [localhost-startStop-1] [org.springframework.boot.web.servlet.AbstractFilterRegistrationBean]258 - Mapping filter: 'requestContextFilter' to: [/*] 
[INFO] 2018-08-30 15:55:53.583 [localhost-startStop-1] [org.springframework.boot.web.servlet.AbstractFilterRegistrationBean]258 - Mapping filter: 'corsFilter' to: [/*] 
[INFO] 2018-08-30 15:55:53.584 [localhost-startStop-1] [org.springframework.boot.web.servlet.ServletRegistrationBean]190 - Mapping servlet: 'dispatcherServlet' to [/] 
[INFO] 2018-08-30 15:55:53.950 [main] [org.springframework.web.servlet.mvc.method.annotation.RequestMappingHandlerAdapter]534 - Looking for @ControllerAdvice: org.springframework.boot.context.embedded.AnnotationConfigEmbeddedWebApplicationContext@7922d892: startup date [Thu Aug 30 15:55:51 CST 2018]; root of context hierarchy 
[INFO] 2018-08-30 15:55:54.018 [main] [org.springframework.web.servlet.handler.AbstractHandlerMethodMapping$MappingRegistry]543 - Mapped "{[/index],methods=[GET],produces=[application/json;charset=UTF-8]}" onto public com.gwg.user.common.Result com.gwg.user.web.controller.IndexController.index(javax.servlet.http.HttpServletRequest) 
[INFO] 2018-08-30 15:55:54.021 [main] [org.springframework.web.servlet.handler.AbstractHandlerMethodMapping$MappingRegistry]543 - Mapped "{[/api/user/login],methods=[POST]}" onto public java.lang.String com.gwg.user.web.controller.LoginController.login(com.gwg.user.dto.UserDto,javax.servlet.http.HttpServletRequest,javax.servlet.http.HttpServletResponse) 
[INFO] 2018-08-30 15:55:54.023 [main] [org.springframework.web.servlet.handler.AbstractHandlerMethodMapping$MappingRegistry]543 - Mapped "{[/api/user/getList],methods=[GET]}" onto public com.gwg.user.common.Result com.gwg.user.web.controller.UserController.getList(javax.servlet.http.HttpServletRequest) 
[INFO] 2018-08-30 15:55:54.023 [main] [org.springframework.web.servlet.handler.AbstractHandlerMethodMapping$MappingRegistry]543 - Mapped "{[/api/user/addUser],methods=[POST]}" onto public com.gwg.user.common.Result com.gwg.user.web.controller.UserController.addUser(com.gwg.user.dto.UserDto,javax.servlet.http.HttpServletRequest) 
[INFO] 2018-08-30 15:55:54.028 [main] [org.springframework.web.servlet.handler.AbstractHandlerMethodMapping$MappingRegistry]543 - Mapped "{[/error]}" onto public org.springframework.http.ResponseEntity<java.util.Map<java.lang.String, java.lang.Object>> org.springframework.boot.autoconfigure.web.BasicErrorController.error(javax.servlet.http.HttpServletRequest) 
[INFO] 2018-08-30 15:55:54.029 [main] [org.springframework.web.servlet.handler.AbstractHandlerMethodMapping$MappingRegistry]543 - Mapped "{[/error],produces=[text/html]}" onto public org.springframework.web.servlet.ModelAndView org.springframework.boot.autoconfigure.web.BasicErrorController.errorHtml(javax.servlet.http.HttpServletRequest,javax.servlet.http.HttpServletResponse) 
[INFO] 2018-08-30 15:55:54.084 [main] [org.springframework.web.servlet.handler.AbstractUrlHandlerMapping]362 - Mapped URL path [/webjars/**] onto handler of type [class org.springframework.web.servlet.resource.ResourceHttpRequestHandler] 
[INFO] 2018-08-30 15:55:54.085 [main] [org.springframework.web.servlet.handler.AbstractUrlHandlerMapping]362 - Mapped URL path [/**] onto handler of type [class org.springframework.web.servlet.resource.ResourceHttpRequestHandler] 
[INFO] 2018-08-30 15:55:54.152 [main] [org.springframework.web.servlet.handler.AbstractUrlHandlerMapping]362 - Mapped URL path [/**/favicon.ico] onto handler of type [class org.springframework.web.servlet.resource.ResourceHttpRequestHandler] 
[INFO] 2018-08-30 15:55:54.661 [main] [org.springframework.jmx.export.MBeanExporter]431 - Registering beans for JMX exposure on startup 
[INFO] 2018-08-30 15:55:54.694 [main] [org.apache.juli.logging.DirectJDKLog]179 - Initializing ProtocolHandler ["http-nio-8090"] 
[INFO] 2018-08-30 15:55:54.707 [main] [org.apache.juli.logging.DirectJDKLog]179 - Starting ProtocolHandler ["http-nio-8090"] 
[INFO] 2018-08-30 15:55:54.725 [main] [org.apache.juli.logging.DirectJDKLog]179 - Using a shared selector for servlet write/read 
[INFO] 2018-08-30 15:55:54.749 [main] [org.springframework.boot.context.embedded.tomcat.TomcatEmbeddedServletContainer]198 - Tomcat started on port(s): 8090 (http) 
[INFO] 2018-08-30 15:55:54.756 [main] [org.springframework.boot.StartupInfoLogger]57 - Started Application in 4.196 seconds (JVM running for 4.822) 
[INFO] 2018-08-30 15:56:01.268 [main] [org.springframework.boot.StartupInfoLogger]48 - Starting Application on DESKTOP-6OE57TT with PID 22376 (E:\spring_workspace\sample_session_sharing_baseOnSpringSessionConfig\target\classes started by hp in E:\spring_workspace\sample_session_sharing_baseOnSpringSessionConfig) 
[INFO] 2018-08-30 15:56:01.271 [main] [org.springframework.boot.SpringApplication]637 - No active profile set, falling back to default profiles: default 
[INFO] 2018-08-30 15:56:01.428 [main] [org.springframework.context.support.AbstractApplicationContext]582 - Refreshing org.springframework.boot.context.embedded.AnnotationConfigEmbeddedWebApplicationContext@7922d892: startup date [Thu Aug 30 15:56:01 CST 2018]; root of context hierarchy 
[INFO] 2018-08-30 15:56:01.936 [background-preinit] [org.hibernate.validator.internal.util.Version]30 - HV000001: Hibernate Validator 5.3.5.Final 
[INFO] 2018-08-30 15:56:02.521 [main] [org.springframework.data.repository.config.RepositoryConfigurationDelegate]165 - Multiple Spring Data modules found, entering strict repository configuration mode! 
[INFO] 2018-08-30 15:56:03.575 [main] [org.springframework.boot.context.embedded.tomcat.TomcatEmbeddedServletContainer]89 - Tomcat initialized with port(s): 8090 (http) 
[INFO] 2018-08-30 15:56:03.589 [main] [org.apache.juli.logging.DirectJDKLog]179 - Starting service Tomcat 
[INFO] 2018-08-30 15:56:03.591 [main] [org.apache.juli.logging.DirectJDKLog]179 - Starting Servlet Engine: Apache Tomcat/8.5.14 
[INFO] 2018-08-30 15:56:03.728 [localhost-startStop-1] [org.apache.juli.logging.DirectJDKLog]179 - Initializing Spring embedded WebApplicationContext 
[INFO] 2018-08-30 15:56:03.728 [localhost-startStop-1] [org.springframework.boot.context.embedded.EmbeddedWebApplicationContext]276 - Root WebApplicationContext: initialization completed in 2304 ms 
[INFO] 2018-08-30 15:56:03.963 [localhost-startStop-1] [redis.clients.jedis.JedisSentinelPool]136 - Trying to find master from available Sentinels... 
[INFO] 2018-08-30 15:56:04.001 [localhost-startStop-1] [redis.clients.jedis.JedisSentinelPool]185 - Redis master running at 192.168.13.62:6382, starting Sentinel listeners... 
[INFO] 2018-08-30 15:56:04.012 [localhost-startStop-1] [redis.clients.jedis.JedisSentinelPool]127 - Created JedisPool to master at 192.168.13.62:6382 
[INFO] 2018-08-30 15:56:04.111 [localhost-startStop-1] [org.springframework.boot.web.servlet.AbstractFilterRegistrationBean]258 - Mapping filter: 'characterEncodingFilter' to: [/*] 
[INFO] 2018-08-30 15:56:04.112 [localhost-startStop-1] [org.springframework.boot.web.servlet.AbstractFilterRegistrationBean]258 - Mapping filter: 'springSessionRepositoryFilter' to: [/*] 
[INFO] 2018-08-30 15:56:04.112 [localhost-startStop-1] [org.springframework.boot.web.servlet.AbstractFilterRegistrationBean]258 - Mapping filter: 'hiddenHttpMethodFilter' to: [/*] 
[INFO] 2018-08-30 15:56:04.112 [localhost-startStop-1] [org.springframework.boot.web.servlet.AbstractFilterRegistrationBean]258 - Mapping filter: 'httpPutFormContentFilter' to: [/*] 
[INFO] 2018-08-30 15:56:04.112 [localhost-startStop-1] [org.springframework.boot.web.servlet.AbstractFilterRegistrationBean]258 - Mapping filter: 'requestContextFilter' to: [/*] 
[INFO] 2018-08-30 15:56:04.112 [localhost-startStop-1] [org.springframework.boot.web.servlet.AbstractFilterRegistrationBean]258 - Mapping filter: 'corsFilter' to: [/*] 
[INFO] 2018-08-30 15:56:04.113 [localhost-startStop-1] [org.springframework.boot.web.servlet.ServletRegistrationBean]190 - Mapping servlet: 'dispatcherServlet' to [/] 
[INFO] 2018-08-30 15:56:04.499 [main] [org.springframework.web.servlet.mvc.method.annotation.RequestMappingHandlerAdapter]534 - Looking for @ControllerAdvice: org.springframework.boot.context.embedded.AnnotationConfigEmbeddedWebApplicationContext@7922d892: startup date [Thu Aug 30 15:56:01 CST 2018]; root of context hierarchy 
[INFO] 2018-08-30 15:56:04.556 [main] [org.springframework.web.servlet.handler.AbstractHandlerMethodMapping$MappingRegistry]543 - Mapped "{[/test],methods=[GET],produces=[application/json;charset=UTF-8]}" onto public com.gwg.user.common.Result com.gwg.user.web.controller.IndexController.index(javax.servlet.http.HttpServletRequest) 
[INFO] 2018-08-30 15:56:04.558 [main] [org.springframework.web.servlet.handler.AbstractHandlerMethodMapping$MappingRegistry]543 - Mapped "{[/api/user/login],methods=[POST]}" onto public java.lang.String com.gwg.user.web.controller.LoginController.login(com.gwg.user.dto.UserDto,javax.servlet.http.HttpServletRequest,javax.servlet.http.HttpServletResponse) 
[INFO] 2018-08-30 15:56:04.559 [main] [org.springframework.web.servlet.handler.AbstractHandlerMethodMapping$MappingRegistry]543 - Mapped "{[/api/user/addUser],methods=[POST]}" onto public com.gwg.user.common.Result com.gwg.user.web.controller.UserController.addUser(com.gwg.user.dto.UserDto,javax.servlet.http.HttpServletRequest) 
[INFO] 2018-08-30 15:56:04.559 [main] [org.springframework.web.servlet.handler.AbstractHandlerMethodMapping$MappingRegistry]543 - Mapped "{[/api/user/getList],methods=[GET]}" onto public com.gwg.user.common.Result com.gwg.user.web.controller.UserController.getList(javax.servlet.http.HttpServletRequest) 
[INFO] 2018-08-30 15:56:04.565 [main] [org.springframework.web.servlet.handler.AbstractHandlerMethodMapping$MappingRegistry]543 - Mapped "{[/error]}" onto public org.springframework.http.ResponseEntity<java.util.Map<java.lang.String, java.lang.Object>> org.springframework.boot.autoconfigure.web.BasicErrorController.error(javax.servlet.http.HttpServletRequest) 
[INFO] 2018-08-30 15:56:04.565 [main] [org.springframework.web.servlet.handler.AbstractHandlerMethodMapping$MappingRegistry]543 - Mapped "{[/error],produces=[text/html]}" onto public org.springframework.web.servlet.ModelAndView org.springframework.boot.autoconfigure.web.BasicErrorController.errorHtml(javax.servlet.http.HttpServletRequest,javax.servlet.http.HttpServletResponse) 
[INFO] 2018-08-30 15:56:04.619 [main] [org.springframework.web.servlet.handler.AbstractUrlHandlerMapping]362 - Mapped URL path [/webjars/**] onto handler of type [class org.springframework.web.servlet.resource.ResourceHttpRequestHandler] 
[INFO] 2018-08-30 15:56:04.620 [main] [org.springframework.web.servlet.handler.AbstractUrlHandlerMapping]362 - Mapped URL path [/**] onto handler of type [class org.springframework.web.servlet.resource.ResourceHttpRequestHandler] 
[INFO] 2018-08-30 15:56:04.672 [main] [org.springframework.web.servlet.handler.AbstractUrlHandlerMapping]362 - Mapped URL path [/**/favicon.ico] onto handler of type [class org.springframework.web.servlet.resource.ResourceHttpRequestHandler] 
[INFO] 2018-08-30 15:56:05.167 [main] [org.springframework.jmx.export.MBeanExporter]431 - Registering beans for JMX exposure on startup 
[INFO] 2018-08-30 15:56:05.202 [main] [org.apache.juli.logging.DirectJDKLog]179 - Initializing ProtocolHandler ["http-nio-8090"] 
[INFO] 2018-08-30 15:56:05.214 [main] [org.apache.juli.logging.DirectJDKLog]179 - Starting ProtocolHandler ["http-nio-8090"] 
[INFO] 2018-08-30 15:56:05.228 [main] [org.apache.juli.logging.DirectJDKLog]179 - Using a shared selector for servlet write/read 
[INFO] 2018-08-30 15:56:05.255 [main] [org.springframework.boot.context.embedded.tomcat.TomcatEmbeddedServletContainer]198 - Tomcat started on port(s): 8090 (http) 
[INFO] 2018-08-30 15:56:05.262 [main] [org.springframework.boot.StartupInfoLogger]57 - Started Application in 4.468 seconds (JVM running for 5.019) 
[INFO] 2018-08-30 15:56:47.775 [http-nio-8090-exec-2] [org.apache.juli.logging.DirectJDKLog]179 - Initializing Spring FrameworkServlet 'dispatcherServlet' 
[INFO] 2018-08-30 15:56:47.775 [http-nio-8090-exec-2] [org.springframework.web.servlet.FrameworkServlet]489 - FrameworkServlet 'dispatcherServlet': initialization started 
[INFO] 2018-08-30 15:56:47.795 [http-nio-8090-exec-2] [org.springframework.web.servlet.FrameworkServlet]508 - FrameworkServlet 'dispatcherServlet': initialization completed in 20 ms 
[INFO] 2018-08-30 15:56:47.838 [http-nio-8090-exec-2] [com.gwg.user.web.controller.UserController]29 - getList 获取用户信息列表...sessionid:a28808c3-5e8f-4f37-a41b-e35d3fab4670 
[INFO] 2018-08-30 15:57:07.354 [http-nio-8090-exec-3] [com.gwg.user.web.controller.UserController]38 - add 添加用户信息...sessionid:cbbd47cc-4152-4f1f-b033-631e0909059e 
[INFO] 2018-08-30 15:57:52.459 [http-nio-8090-exec-4] [com.gwg.user.web.controller.UserController]29 - getList 获取用户信息列表...sessionid:428e4282-1808-41dc-a675-24cd6a5c69da 
[INFO] 2018-08-30 19:03:34.017 [main] [org.springframework.boot.StartupInfoLogger]48 - Starting Application on DESKTOP-6OE57TT with PID 15220 (E:\spring_workspace\sample_session_sharing_baseOnSpringSessionConfig\target\classes started by hp in E:\spring_workspace\sample_session_sharing_baseOnSpringSessionConfig) 
[INFO] 2018-08-30 19:03:34.018 [main] [org.springframework.boot.SpringApplication]637 - No active profile set, falling back to default profiles: default 
[INFO] 2018-08-30 19:03:34.120 [main] [org.springframework.context.support.AbstractApplicationContext]582 - Refreshing org.springframework.boot.context.embedded.AnnotationConfigEmbeddedWebApplicationContext@7922d892: startup date [Thu Aug 30 19:03:34 CST 2018]; root of context hierarchy 
[INFO] 2018-08-30 19:03:35.164 [background-preinit] [org.hibernate.validator.internal.util.Version]30 - HV000001: Hibernate Validator 5.3.5.Final 
[INFO] 2018-08-30 19:03:35.962 [main] [org.springframework.data.repository.config.RepositoryConfigurationDelegate]165 - Multiple Spring Data modules found, entering strict repository configuration mode! 
[INFO] 2018-08-30 19:03:37.211 [main] [org.springframework.boot.context.embedded.tomcat.TomcatEmbeddedServletContainer]89 - Tomcat initialized with port(s): 8090 (http) 
[INFO] 2018-08-30 19:03:37.234 [main] [org.apache.juli.logging.DirectJDKLog]179 - Starting service Tomcat 
[INFO] 2018-08-30 19:03:37.236 [main] [org.apache.juli.logging.DirectJDKLog]179 - Starting Servlet Engine: Apache Tomcat/8.5.14 
[INFO] 2018-08-30 19:03:37.396 [localhost-startStop-1] [org.apache.juli.logging.DirectJDKLog]179 - Initializing Spring embedded WebApplicationContext 
[INFO] 2018-08-30 19:03:37.396 [localhost-startStop-1] [org.springframework.boot.context.embedded.EmbeddedWebApplicationContext]276 - Root WebApplicationContext: initialization completed in 3288 ms 
[INFO] 2018-08-30 19:03:37.657 [localhost-startStop-1] [redis.clients.jedis.JedisSentinelPool]136 - Trying to find master from available Sentinels... 
[INFO] 2018-08-30 19:03:37.711 [localhost-startStop-1] [redis.clients.jedis.JedisSentinelPool]185 - Redis master running at 192.168.13.62:6382, starting Sentinel listeners... 
[INFO] 2018-08-30 19:03:37.729 [localhost-startStop-1] [redis.clients.jedis.JedisSentinelPool]127 - Created JedisPool to master at 192.168.13.62:6382 
[INFO] 2018-08-30 19:03:37.834 [localhost-startStop-1] [org.springframework.boot.web.servlet.AbstractFilterRegistrationBean]258 - Mapping filter: 'characterEncodingFilter' to: [/*] 
[INFO] 2018-08-30 19:03:37.835 [localhost-startStop-1] [org.springframework.boot.web.servlet.AbstractFilterRegistrationBean]258 - Mapping filter: 'springSessionRepositoryFilter' to: [/*] 
[INFO] 2018-08-30 19:03:37.835 [localhost-startStop-1] [org.springframework.boot.web.servlet.AbstractFilterRegistrationBean]258 - Mapping filter: 'hiddenHttpMethodFilter' to: [/*] 
[INFO] 2018-08-30 19:03:37.835 [localhost-startStop-1] [org.springframework.boot.web.servlet.AbstractFilterRegistrationBean]258 - Mapping filter: 'httpPutFormContentFilter' to: [/*] 
[INFO] 2018-08-30 19:03:37.835 [localhost-startStop-1] [org.springframework.boot.web.servlet.AbstractFilterRegistrationBean]258 - Mapping filter: 'requestContextFilter' to: [/*] 
[INFO] 2018-08-30 19:03:37.835 [localhost-startStop-1] [org.springframework.boot.web.servlet.AbstractFilterRegistrationBean]258 - Mapping filter: 'corsFilter' to: [/*] 
[INFO] 2018-08-30 19:03:37.835 [localhost-startStop-1] [org.springframework.boot.web.servlet.ServletRegistrationBean]190 - Mapping servlet: 'dispatcherServlet' to [/] 
[INFO] 2018-08-30 19:03:38.231 [main] [org.springframework.web.servlet.mvc.method.annotation.RequestMappingHandlerAdapter]534 - Looking for @ControllerAdvice: org.springframework.boot.context.embedded.AnnotationConfigEmbeddedWebApplicationContext@7922d892: startup date [Thu Aug 30 19:03:34 CST 2018]; root of context hierarchy 
[INFO] 2018-08-30 19:03:38.307 [main] [org.springframework.web.servlet.handler.AbstractHandlerMethodMapping$MappingRegistry]543 - Mapped "{[/api/user/addUser],methods=[POST]}" onto public com.gwg.user.common.Result com.gwg.user.web.controller.UserController.addUser(com.gwg.user.dto.UserDto,javax.servlet.http.HttpServletRequest) 
[INFO] 2018-08-30 19:03:38.308 [main] [org.springframework.web.servlet.handler.AbstractHandlerMethodMapping$MappingRegistry]543 - Mapped "{[/api/user/getList],methods=[GET]}" onto public com.gwg.user.common.Result com.gwg.user.web.controller.UserController.getList(javax.servlet.http.HttpServletRequest) 
[INFO] 2018-08-30 19:03:38.311 [main] [org.springframework.web.servlet.handler.AbstractHandlerMethodMapping$MappingRegistry]543 - Mapped "{[/error]}" onto public org.springframework.http.ResponseEntity<java.util.Map<java.lang.String, java.lang.Object>> org.springframework.boot.autoconfigure.web.BasicErrorController.error(javax.servlet.http.HttpServletRequest) 
[INFO] 2018-08-30 19:03:38.311 [main] [org.springframework.web.servlet.handler.AbstractHandlerMethodMapping$MappingRegistry]543 - Mapped "{[/error],produces=[text/html]}" onto public org.springframework.web.servlet.ModelAndView org.springframework.boot.autoconfigure.web.BasicErrorController.errorHtml(javax.servlet.http.HttpServletRequest,javax.servlet.http.HttpServletResponse) 
[INFO] 2018-08-30 19:03:38.357 [main] [org.springframework.web.servlet.handler.AbstractUrlHandlerMapping]362 - Mapped URL path [/webjars/**] onto handler of type [class org.springframework.web.servlet.resource.ResourceHttpRequestHandler] 
[INFO] 2018-08-30 19:03:38.357 [main] [org.springframework.web.servlet.handler.AbstractUrlHandlerMapping]362 - Mapped URL path [/**] onto handler of type [class org.springframework.web.servlet.resource.ResourceHttpRequestHandler] 
[INFO] 2018-08-30 19:03:38.407 [main] [org.springframework.web.servlet.handler.AbstractUrlHandlerMapping]362 - Mapped URL path [/**/favicon.ico] onto handler of type [class org.springframework.web.servlet.resource.ResourceHttpRequestHandler] 
[INFO] 2018-08-30 19:03:38.444 [main] [org.springframework.boot.autoconfigure.web.WebMvcAutoConfiguration$WelcomePageHandlerMapping]573 - Adding welcome page: ServletContext resource [/index.html] 
[INFO] 2018-08-30 19:03:38.837 [main] [org.springframework.jmx.export.MBeanExporter]431 - Registering beans for JMX exposure on startup 
[INFO] 2018-08-30 19:03:38.872 [main] [org.apache.juli.logging.DirectJDKLog]179 - Initializing ProtocolHandler ["http-nio-8090"] 
[INFO] 2018-08-30 19:03:38.917 [main] [org.apache.juli.logging.DirectJDKLog]179 - Starting ProtocolHandler ["http-nio-8090"] 
[INFO] 2018-08-30 19:03:38.931 [main] [org.apache.juli.logging.DirectJDKLog]179 - Using a shared selector for servlet write/read 
[INFO] 2018-08-30 19:03:38.968 [main] [org.springframework.boot.context.embedded.tomcat.TomcatEmbeddedServletContainer]198 - Tomcat started on port(s): 8090 (http) 
[INFO] 2018-08-30 19:03:38.979 [main] [org.springframework.boot.StartupInfoLogger]57 - Started Application in 5.475 seconds (JVM running for 6.526) 
[INFO] 2018-08-30 19:06:45.389 [http-nio-8090-exec-4] [org.apache.juli.logging.DirectJDKLog]179 - Initializing Spring FrameworkServlet 'dispatcherServlet' 
[INFO] 2018-08-30 19:06:45.389 [http-nio-8090-exec-4] [org.springframework.web.servlet.FrameworkServlet]489 - FrameworkServlet 'dispatcherServlet': initialization started 
[INFO] 2018-08-30 19:06:45.406 [http-nio-8090-exec-4] [org.springframework.web.servlet.FrameworkServlet]508 - FrameworkServlet 'dispatcherServlet': initialization completed in 17 ms 
[INFO] 2018-08-30 19:07:00.991 [http-nio-8090-exec-3] [com.gwg.user.web.controller.UserController]31 - getList 获取用户信息列表...sessionid:7a0ea9bb-b752-4263-9250-c10700847168 
[INFO] 2018-08-30 19:09:07.028 [http-nio-8090-exec-5] [com.gwg.user.web.controller.UserController]31 - getList 获取用户信息列表...sessionid:d58ec703-7d26-4b30-b07a-c55853a2be7a 
[INFO] 2018-08-30 19:10:06.898 [http-nio-8090-exec-10] [com.gwg.user.web.controller.UserController]31 - getList 获取用户信息列表...sessionid:d58ec703-7d26-4b30-b07a-c55853a2be7a 
[INFO] 2018-08-30 19:16:21.092 [main] [org.springframework.boot.StartupInfoLogger]48 - Starting Application on DESKTOP-6OE57TT with PID 11164 (E:\spring_workspace\sample_session_sharing_baseOnSpringSessionConfig\target\classes started by hp in E:\spring_workspace\sample_session_sharing_baseOnSpringSessionConfig) 
[INFO] 2018-08-30 19:16:21.093 [main] [org.springframework.boot.SpringApplication]637 - No active profile set, falling back to default profiles: default 
[INFO] 2018-08-30 19:16:21.176 [main] [org.springframework.context.support.AbstractApplicationContext]582 - Refreshing org.springframework.boot.context.embedded.AnnotationConfigEmbeddedWebApplicationContext@7922d892: startup date [Thu Aug 30 19:16:21 CST 2018]; root of context hierarchy 
[INFO] 2018-08-30 19:16:21.635 [background-preinit] [org.hibernate.validator.internal.util.Version]30 - HV000001: Hibernate Validator 5.3.5.Final 
[INFO] 2018-08-30 19:16:22.054 [main] [org.springframework.data.repository.config.RepositoryConfigurationDelegate]165 - Multiple Spring Data modules found, entering strict repository configuration mode! 
[INFO] 2018-08-30 19:16:23.090 [main] [org.springframework.boot.context.embedded.tomcat.TomcatEmbeddedServletContainer]89 - Tomcat initialized with port(s): 8090 (http) 
[INFO] 2018-08-30 19:16:23.105 [main] [org.apache.juli.logging.DirectJDKLog]179 - Starting service Tomcat 
[INFO] 2018-08-30 19:16:23.106 [main] [org.apache.juli.logging.DirectJDKLog]179 - Starting Servlet Engine: Apache Tomcat/8.5.14 
[INFO] 2018-08-30 19:16:23.223 [localhost-startStop-1] [org.apache.juli.logging.DirectJDKLog]179 - Initializing Spring embedded WebApplicationContext 
[INFO] 2018-08-30 19:16:23.223 [localhost-startStop-1] [org.springframework.boot.context.embedded.EmbeddedWebApplicationContext]276 - Root WebApplicationContext: initialization completed in 2051 ms 
[INFO] 2018-08-30 19:16:23.470 [localhost-startStop-1] [redis.clients.jedis.JedisSentinelPool]136 - Trying to find master from available Sentinels... 
[INFO] 2018-08-30 19:16:23.507 [localhost-startStop-1] [redis.clients.jedis.JedisSentinelPool]185 - Redis master running at 192.168.13.62:6382, starting Sentinel listeners... 
[INFO] 2018-08-30 19:16:23.538 [localhost-startStop-1] [redis.clients.jedis.JedisSentinelPool]127 - Created JedisPool to master at 192.168.13.62:6382 
[INFO] 2018-08-30 19:16:23.640 [localhost-startStop-1] [org.springframework.boot.web.servlet.AbstractFilterRegistrationBean]258 - Mapping filter: 'characterEncodingFilter' to: [/*] 
[INFO] 2018-08-30 19:16:23.641 [localhost-startStop-1] [org.springframework.boot.web.servlet.AbstractFilterRegistrationBean]258 - Mapping filter: 'springSessionRepositoryFilter' to: [/*] 
[INFO] 2018-08-30 19:16:23.641 [localhost-startStop-1] [org.springframework.boot.web.servlet.AbstractFilterRegistrationBean]258 - Mapping filter: 'hiddenHttpMethodFilter' to: [/*] 
[INFO] 2018-08-30 19:16:23.641 [localhost-startStop-1] [org.springframework.boot.web.servlet.AbstractFilterRegistrationBean]258 - Mapping filter: 'httpPutFormContentFilter' to: [/*] 
[INFO] 2018-08-30 19:16:23.642 [localhost-startStop-1] [org.springframework.boot.web.servlet.AbstractFilterRegistrationBean]258 - Mapping filter: 'requestContextFilter' to: [/*] 
[INFO] 2018-08-30 19:16:23.642 [localhost-startStop-1] [org.springframework.boot.web.servlet.AbstractFilterRegistrationBean]258 - Mapping filter: 'corsFilter' to: [/*] 
[INFO] 2018-08-30 19:16:23.642 [localhost-startStop-1] [org.springframework.boot.web.servlet.ServletRegistrationBean]190 - Mapping servlet: 'dispatcherServlet' to [/] 
[INFO] 2018-08-30 19:16:24.016 [main] [org.springframework.web.servlet.mvc.method.annotation.RequestMappingHandlerAdapter]534 - Looking for @ControllerAdvice: org.springframework.boot.context.embedded.AnnotationConfigEmbeddedWebApplicationContext@7922d892: startup date [Thu Aug 30 19:16:21 CST 2018]; root of context hierarchy 
[INFO] 2018-08-30 19:16:24.087 [main] [org.springframework.web.servlet.handler.AbstractHandlerMethodMapping$MappingRegistry]543 - Mapped "{[/api/user/getList],methods=[GET]}" onto public com.gwg.user.common.Result com.gwg.user.web.controller.UserController.getList(javax.servlet.http.HttpServletRequest) 
[INFO] 2018-08-30 19:16:24.088 [main] [org.springframework.web.servlet.handler.AbstractHandlerMethodMapping$MappingRegistry]543 - Mapped "{[/api/user/addUser],methods=[POST]}" onto public com.gwg.user.common.Result com.gwg.user.web.controller.UserController.addUser(com.gwg.user.dto.UserDto,javax.servlet.http.HttpServletRequest) 
[INFO] 2018-08-30 19:16:24.093 [main] [org.springframework.web.servlet.handler.AbstractHandlerMethodMapping$MappingRegistry]543 - Mapped "{[/error]}" onto public org.springframework.http.ResponseEntity<java.util.Map<java.lang.String, java.lang.Object>> org.springframework.boot.autoconfigure.web.BasicErrorController.error(javax.servlet.http.HttpServletRequest) 
[INFO] 2018-08-30 19:16:24.093 [main] [org.springframework.web.servlet.handler.AbstractHandlerMethodMapping$MappingRegistry]543 - Mapped "{[/error],produces=[text/html]}" onto public org.springframework.web.servlet.ModelAndView org.springframework.boot.autoconfigure.web.BasicErrorController.errorHtml(javax.servlet.http.HttpServletRequest,javax.servlet.http.HttpServletResponse) 
[INFO] 2018-08-30 19:16:24.144 [main] [org.springframework.web.servlet.handler.AbstractUrlHandlerMapping]362 - Mapped URL path [/webjars/**] onto handler of type [class org.springframework.web.servlet.resource.ResourceHttpRequestHandler] 
[INFO] 2018-08-30 19:16:24.144 [main] [org.springframework.web.servlet.handler.AbstractUrlHandlerMapping]362 - Mapped URL path [/**] onto handler of type [class org.springframework.web.servlet.resource.ResourceHttpRequestHandler] 
[INFO] 2018-08-30 19:16:24.198 [main] [org.springframework.web.servlet.handler.AbstractUrlHandlerMapping]362 - Mapped URL path [/**/favicon.ico] onto handler of type [class org.springframework.web.servlet.resource.ResourceHttpRequestHandler] 
[INFO] 2018-08-30 19:16:24.229 [main] [org.springframework.boot.autoconfigure.web.WebMvcAutoConfiguration$WelcomePageHandlerMapping]573 - Adding welcome page: ServletContext resource [/index.html] 
[INFO] 2018-08-30 19:16:24.644 [main] [org.springframework.jmx.export.MBeanExporter]431 - Registering beans for JMX exposure on startup 
[INFO] 2018-08-30 19:16:24.678 [main] [org.apache.juli.logging.DirectJDKLog]179 - Initializing ProtocolHandler ["http-nio-8090"] 
[INFO] 2018-08-30 19:16:24.692 [main] [org.apache.juli.logging.DirectJDKLog]179 - Starting ProtocolHandler ["http-nio-8090"] 
[INFO] 2018-08-30 19:16:24.709 [main] [org.apache.juli.logging.DirectJDKLog]179 - Using a shared selector for servlet write/read 
[INFO] 2018-08-30 19:16:24.731 [main] [org.springframework.boot.context.embedded.tomcat.TomcatEmbeddedServletContainer]198 - Tomcat started on port(s): 8090 (http) 
[INFO] 2018-08-30 19:16:24.738 [main] [org.springframework.boot.StartupInfoLogger]57 - Started Application in 4.125 seconds (JVM running for 4.704) 
[INFO] 2018-08-30 19:16:48.249 [http-nio-8090-exec-2] [org.apache.juli.logging.DirectJDKLog]179 - Initializing Spring FrameworkServlet 'dispatcherServlet' 
[INFO] 2018-08-30 19:16:48.249 [http-nio-8090-exec-2] [org.springframework.web.servlet.FrameworkServlet]489 - FrameworkServlet 'dispatcherServlet': initialization started 
[INFO] 2018-08-30 19:16:48.280 [http-nio-8090-exec-2] [org.springframework.web.servlet.FrameworkServlet]508 - FrameworkServlet 'dispatcherServlet': initialization completed in 31 ms 
[INFO] 2018-08-30 19:16:51.819 [http-nio-8090-exec-3] [com.gwg.user.web.controller.UserController]31 - getList 获取用户信息列表...sessionid:638d1d6a-28d4-4227-bd14-ac93fb0e6a94 
